Build started 2014/6/10 18:34:06.
     1>Project "D:\Project\thecode\project\SinectDemoLinux.vcxproj" on node 3 (Rebuild target(s)).
     1>Building with tools version "4.0".
     1>Target "_CheckForInvalidConfigurationAndPlatform" in file "C:\Windows\Microsoft.NET\Framework\v4.0.30319\Microsoft.Common.Targets" from project "D:\Project\thecode\project\SinectDemoLinux.vcxproj" (entry point):
       Task "Error" skipped, due to false condition; ( '$(_InvalidConfigurationError)' == 'true' ) was evaluated as ( '' == 'true' ).
       Task "Warning" skipped, due to false condition; ( '$(_InvalidConfigurationWarning)' == 'true' ) was evaluated as ( '' == 'true' ).
       Using "Message" task from assembly "Microsoft.Build.Tasks.v4.0, Version=4.0.0.0, Culture=neutral, PublicKeyToken=b03f5f7f11d50a3a".
       Task "Message"
         Configuration=Debug
       Done executing task "Message".
       Task "Message"
         Platform=x64
       Done executing task "Message".
       Task "Error" skipped, due to false condition; ('$(OutDir)' != '' and !HasTrailingSlash('$(OutDir)')) was evaluated as ('D:\Project\thecode\build\windebug641\Debug\' != '' and !HasTrailingSlash('D:\Project\thecode\build\windebug641\Debug\')).
       Task "Error" skipped, due to false condition; ('$(BaseIntermediateOutputPath)' != '' and !HasTrailingSlash('$(BaseIntermediateOutputPath)')) was evaluated as ('obj\' != '' and !HasTrailingSlash('obj\')).
       Task "Error" skipped, due to false condition; ('$(IntermediateOutputPath)' != '' and !HasTrailingSlash('$(IntermediateOutputPath)')) was evaluated as ('x64\Debug\' != '' and !HasTrailingSlash('x64\Debug\')).
     1>Done building target "_CheckForInvalidConfigurationAndPlatform" in project "SinectDemoLinux.vcxproj".
     1>Target "_PrepareForRebuild" in file "C:\Program Files (x86)\MSBuild\Microsoft.Cpp\v4.0\V110\Microsoft.BuildSteps.Targets" from project "D:\Project\thecode\project\SinectDemoLinux.vcxproj" (target "Rebuild" depends on it):
     1>Done building target "_PrepareForRebuild" in project "SinectDemoLinux.vcxproj".
     1>Target "BeforeRebuild" in file "C:\Windows\Microsoft.NET\Framework\v4.0.30319\Microsoft.Common.Targets" from project "D:\Project\thecode\project\SinectDemoLinux.vcxproj" (target "Rebuild" depends on it):
     1>Done building target "BeforeRebuild" in project "SinectDemoLinux.vcxproj".
     1>Target "_PrepareForClean" in file "C:\Program Files (x86)\MSBuild\Microsoft.Cpp\v4.0\V110\Microsoft.BuildSteps.Targets" from project "D:\Project\thecode\project\SinectDemoLinux.vcxproj" (target "Clean" depends on it):
       Using "Delete" task from assembly "Microsoft.Build.Tasks.v4.0, Version=4.0.0.0, Culture=neutral, PublicKeyToken=b03f5f7f11d50a3a".
       Task "Delete"
         Deleting file "x64\Debug\SinectDemoLinux.lastbuildstate".
       Done executing task "Delete".
     1>Done building target "_PrepareForClean" in project "SinectDemoLinux.vcxproj".
     1>Target "BeforeClean" in file "C:\Windows\Microsoft.NET\Framework\v4.0.30319\Microsoft.Common.Targets" from project "D:\Project\thecode\project\SinectDemoLinux.vcxproj" (target "Clean" depends on it):
     1>Done building target "BeforeClean" in project "SinectDemoLinux.vcxproj".
       Target "UnmanagedUnregistration" skipped, due to false condition; ((('$(_AssemblyTimestampBeforeCompile)' != '$(_AssemblyTimestampAfterCompile)' or '$(RegisterForComInterop)' != 'true' or '$(OutputType)' != 'library') or
                           ('$(_AssemblyTimestampBeforeCompile)' == '')) and
                          Exists('@(_UnmanagedRegistrationCache)')) was evaluated as ((('' != '' or '' != 'true' or 'library' != 'library') or
                           ('' == '')) and
                          Exists('obj\SinectDemoLinux.vcxproj.UnmanagedRegistration.cache')).
     1>Target "CoreClean" in file "C:\Windows\Microsoft.NET\Framework\v4.0.30319\Microsoft.Common.Targets" from project "D:\Project\thecode\project\SinectDemoLinux.vcxproj" (target "Clean" depends on it):
       Task "Delete"
         File "x64\Debug\\TempCA\SinectDemoLinux.pdb" doesn't exist. Skipping.
         File "x64\Debug\\TempCA\SinectDemoLinux.dll" doesn't exist. Skipping.
       Done executing task "Delete".
       Using "ReadLinesFromFile" task from assembly "Microsoft.Build.Tasks.v4.0, Version=4.0.0.0, Culture=neutral, PublicKeyToken=b03f5f7f11d50a3a".
       Task "ReadLinesFromFile"
       Done executing task "ReadLinesFromFile".
       Using "FindUnderPath" task from assembly "Microsoft.Build.Tasks.v4.0, Version=4.0.0.0, Culture=neutral, PublicKeyToken=b03f5f7f11d50a3a".
       Task "FindUnderPath"
         Comparison path is "D:\Project\thecode\build\windebug641\Debug\".
       Done executing task "FindUnderPath".
       Task "FindUnderPath"
         Comparison path is "x64\Debug\".
       Done executing task "FindUnderPath".
       Task "Delete"
       Done executing task "Delete".
       Using "RemoveDuplicates" task from assembly "Microsoft.Build.Tasks.v4.0, Version=4.0.0.0, Culture=neutral, PublicKeyToken=b03f5f7f11d50a3a".
       Task "RemoveDuplicates"
       Done executing task "RemoveDuplicates".
       Using "MakeDir" task from assembly "Microsoft.Build.Tasks.v4.0, Version=4.0.0.0, Culture=neutral, PublicKeyToken=b03f5f7f11d50a3a".
       Task "MakeDir"
       Done executing task "MakeDir".
       Using "WriteLinesToFile" task from assembly "Microsoft.Build.Tasks.v4.0, Version=4.0.0.0, Culture=neutral, PublicKeyToken=b03f5f7f11d50a3a".
       Task "WriteLinesToFile"
       Done executing task "WriteLinesToFile".
     1>Done building target "CoreClean" in project "SinectDemoLinux.vcxproj".
     1>Target "AssignProjectConfiguration" in file "C:\Windows\Microsoft.NET\Framework\v4.0.30319\Microsoft.Common.Targets" from project "D:\Project\thecode\project\SinectDemoLinux.vcxproj" (target "CleanReferencedProjects" depends on it):
       Using "AssignProjectConfiguration" task from assembly "Microsoft.Build.Tasks.v4.0, Version=4.0.0.0, Culture=neutral, PublicKeyToken=b03f5f7f11d50a3a".
       Task "AssignProjectConfiguration"
       Done executing task "AssignProjectConfiguration".
     1>Done building target "AssignProjectConfiguration" in project "SinectDemoLinux.vcxproj".
     1>Target "_SplitProjectReferencesByFileExistence" in file "C:\Windows\Microsoft.NET\Framework\v4.0.30319\Microsoft.Common.Targets" from project "D:\Project\thecode\project\SinectDemoLinux.vcxproj" (target "CleanReferencedProjects" depends on it):
       Task "ResolveNonMSBuildProjectOutput" skipped, due to false condition; ('$(BuildingInsideVisualStudio)'=='true' and '@(ProjectReferenceWithConfiguration)'!='') was evaluated as ('true'=='true' and ''!='').
     1>Done building target "_SplitProjectReferencesByFileExistence" in project "SinectDemoLinux.vcxproj".
     1>Target "CleanReferencedProjects" in file "C:\Windows\Microsoft.NET\Framework\v4.0.30319\Microsoft.Common.Targets" from project "D:\Project\thecode\project\SinectDemoLinux.vcxproj" (target "Clean" depends on it):
       Task "MSBuild" skipped, due to false condition; ('$(BuildingInsideVisualStudio)' != 'true' and '$(BuildProjectReferences)' == 'true' and '@(_MSBuildProjectReferenceExistent)' != '') was evaluated as ('true' != 'true' and 'true' == 'true' and '' != '').
     1>Done building target "CleanReferencedProjects" in project "SinectDemoLinux.vcxproj".
     1>Target "CleanPublishFolder" in file "C:\Windows\Microsoft.NET\Framework\v4.0.30319\Microsoft.Common.Targets" from project "D:\Project\thecode\project\SinectDemoLinux.vcxproj" (target "Clean" depends on it):
       Task "RemoveDir" skipped, due to false condition; ('$(PublishDir)'=='$(OutputPath)app.publish\' and Exists('$(PublishDir)')) was evaluated as ('D:\Project\thecode\build\windebug641\Debug\app.publish\'=='D:\Project\thecode\build\windebug641\Debug\app.publish\' and Exists('D:\Project\thecode\build\windebug641\Debug\app.publish\')).
     1>Done building target "CleanPublishFolder" in project "SinectDemoLinux.vcxproj".
     1>Target "AfterClean" in file "C:\Windows\Microsoft.NET\Framework\v4.0.30319\Microsoft.Common.Targets" from project "D:\Project\thecode\project\SinectDemoLinux.vcxproj" (target "Clean" depends on it):
     1>Done building target "AfterClean" in project "SinectDemoLinux.vcxproj".
       Target "EntityClean" skipped, due to false condition; ('@(EntityDeploy)' != '') was evaluated as ('' != '').
     1>Target "BeforeCppClean" in file "C:\Program Files (x86)\MSBuild\Microsoft.Cpp\v4.0\V110\Microsoft.CppClean.targets" from project "D:\Project\thecode\project\SinectDemoLinux.vcxproj" (target "CppClean" depends on it):
     1>Done building target "BeforeCppClean" in project "SinectDemoLinux.vcxproj".
     1>Target "CoreCppClean" in file "C:\Program Files (x86)\MSBuild\Microsoft.Cpp\v4.0\V110\Microsoft.CppClean.targets" from project "D:\Project\thecode\project\SinectDemoLinux.vcxproj" (target "CppClean" depends on it):
       Task "MakeDir"
       Done executing task "MakeDir".
       Using "CppClean" task from assembly "Microsoft.Build.CppTasks.Common.v110, Version=4.0.0.0, Culture=neutral, PublicKeyToken=b03f5f7f11d50a3a".
       Task "CppClean"
       Done executing task "CppClean".
       Task "WriteLinesToFile"
       Done executing task "WriteLinesToFile".
     1>Done building target "CoreCppClean" in project "SinectDemoLinux.vcxproj".
     1>Target "AfterCppClean" in file "C:\Program Files (x86)\MSBuild\Microsoft.Cpp\v4.0\V110\Microsoft.CppClean.targets" from project "D:\Project\thecode\project\SinectDemoLinux.vcxproj" (target "CppClean" depends on it):
     1>Done building target "AfterCppClean" in project "SinectDemoLinux.vcxproj".
     1>Target "PGInstrumentedClean" in file "C:\Program Files (x86)\MSBuild\Microsoft.Cpp\v4.0\V110\Microsoft.CppClean.targets" from project "D:\Project\thecode\project\SinectDemoLinux.vcxproj" (target "CppClean" depends on it):
       Task "Delete"
       Done executing task "Delete".
     1>Done building target "PGInstrumentedClean" in project "SinectDemoLinux.vcxproj".
     1>Target "CppClean" in file "C:\Program Files (x86)\MSBuild\Microsoft.Cpp\v4.0\V110\Microsoft.CppClean.targets" from project "D:\Project\thecode\project\SinectDemoLinux.vcxproj" (target "Clean" depends on it):
     1>Done building target "CppClean" in project "SinectDemoLinux.vcxproj".
     1>Target "Clean" in file "C:\Windows\Microsoft.NET\Framework\v4.0.30319\Microsoft.Common.Targets" from project "D:\Project\thecode\project\SinectDemoLinux.vcxproj" (target "Rebuild" depends on it):
     1>Done building target "Clean" in project "SinectDemoLinux.vcxproj".
     1>Target "_PrepareForBuild" in file "C:\Program Files (x86)\MSBuild\Microsoft.Cpp\v4.0\V110\Microsoft.BuildSteps.Targets" from project "D:\Project\thecode\project\SinectDemoLinux.vcxproj" (target "Build" depends on it):
       Task "CreateItem" skipped, due to false condition; ('%(CustomBuild.IncludeFileToTool)'!='') was evaluated as (''!='').
     1>Done building target "_PrepareForBuild" in project "SinectDemoLinux.vcxproj".
     1>Target "_PrepareForReferenceResolution" in file "C:\Program Files (x86)\MSBuild\Microsoft.Cpp\v4.0\V110\Microsoft.CppBuild.targets" from project "D:\Project\thecode\project\SinectDemoLinux.vcxproj" (target "ResolveReferences" depends on it):
       Task "Message" skipped, due to false condition; ('$(_REFERENCE_DEBUG)'=='true') was evaluated as (''=='true').
     1>Done building target "_PrepareForReferenceResolution" in project "SinectDemoLinux.vcxproj".
       Target "ComputeCrtSDKReference" skipped, due to false condition; ('@(ClCompile)'!='' and '$(WindowsAppContainer)'=='true' and '$(UseCrtSDKReference)' != 'false') was evaluated as ('GeneratedFiles\qrc_resource_qt.cpp;grayGravityCenter.cpp;skeletonInterface.cpp;src\BGRStage.cpp;src\BodyPartClassifier.cpp;src\buildForest.cpp;src\CentroidsStage.cpp;src\clUtil.cpp;src\ExemplarStage.cpp;src\INuiImageDevice.cpp;src\IPipelineStage.cpp;src\ModelFittingStage.cpp;src\NuiImageDeviceVideoFile.cpp;src\NuiSensorKinect.cpp;src\opencl.cpp;src\PipelineOutputStage.cpp;src\PipelineSourceStage.cpp;src\RandomForest.cpp;src\SkeletalTracker.cpp;src\Util.cpp;zlib\adler32.c;zlib\crc32.c;zlib\deflate.c;zlib\inffast.c;zlib\inflate.c;zlib\inftrees.c;stdafx.cpp;zlib\trees.c;zlib\zutil.c'!='' and 'false'=='true' and '' != 'false').
     1>Target "BeforeResolveReferences" in file "C:\Windows\Microsoft.NET\Framework\v4.0.30319\Microsoft.Common.Targets" from project "D:\Project\thecode\project\SinectDemoLinux.vcxproj" (target "ResolveReferences" depends on it):
     1>Done building target "BeforeResolveReferences" in project "SinectDemoLinux.vcxproj".
       Target "AssignProjectConfiguration" skipped. Previously built successfully.
       Target "AssignProjectConfiguration" skipped. Previously built successfully.
       Target "_SplitProjectReferencesByFileExistence" skipped. Previously built successfully.
       Target "_RemoveNameMetadataFromProjectReferenceItems" skipped, due to false condition; ('@(ProjectReference)'!='') was evaluated as (''!='').
     1>Target "ResolveProjectReferences" in file "C:\Windows\Microsoft.NET\Framework\v4.0.30319\Microsoft.Common.Targets" from project "D:\Project\thecode\project\SinectDemoLinux.vcxproj" (target "ResolveReferences" depends on it):
       Task "MSBuild" skipped, due to false condition; ('%(_MSBuildProjectReferenceExistent.BuildReference)' == 'true' and '@(ProjectReferenceWithConfiguration)' != '' and ('$(BuildingInsideVisualStudio)' == 'true' or '$(BuildProjectReferences)' != 'true') and '@(_MSBuildProjectReferenceExistent)' != '') was evaluated as ('' == 'true' and '' != '' and ('true' == 'true' or 'true' != 'true') and '' != '').
       Task "MSBuild" skipped, due to false condition; ('%(_MSBuildProjectReferenceExistent.BuildReference)' == 'true' and '@(ProjectReferenceWithConfiguration)' != '' and '$(BuildingInsideVisualStudio)' != 'true' and '$(BuildProjectReferences)' == 'true' and '@(_MSBuildProjectReferenceExistent)' != '') was evaluated as ('' == 'true' and '' != '' and 'true' != 'true' and 'true' == 'true' and '' != '').
       Task "MSBuild" skipped, due to false condition; ('%(_MSBuildProjectReferenceExistent.BuildReference)' == 'true' and '@(ProjectReferenceWithConfiguration)' != '' and '$(BuildingProject)' == 'true' and '@(_MSBuildProjectReferenceExistent)' != '') was evaluated as ('' == 'true' and '' != '' and 'true' == 'true' and '' != '').
       Task "Warning" skipped, due to false condition; ('@(ProjectReferenceWithConfiguration)' != '' and '@(_MSBuildProjectReferenceNonexistent)' != '') was evaluated as ('' != '' and '' != '').
     1>Done building target "ResolveProjectReferences" in project "SinectDemoLinux.vcxproj".
       Target "ResolveNativeReferences" skipped, due to false condition; ('@(NativeReference)'!='') was evaluated as (''!='').
       Target "_PrepareForReferenceResolution" skipped. Previously built successfully.
     1>Target "GetFrameworkPaths" in file "C:\Windows\Microsoft.NET\Framework\v4.0.30319\Microsoft.NETFramework.targets" from project "D:\Project\thecode\project\SinectDemoLinux.vcxproj" (target "ResolveAssemblyReferences" depends on it):
     1>Done building target "GetFrameworkPaths" in project "SinectDemoLinux.vcxproj".
       Target "GetWinFXPath" skipped, due to false condition; (('@(Page)' != '' or '@(ApplicationDefinition)' != '' or '@(Resource)' != '') and ('$(GetWinFXNativePath)' != '' or '$(GetWinFXWoWPath)' != '' )) was evaluated as (('' != '' or '' != '' or '' != '') and ('' != '' or '' != '' )).
     1>Target "GetReferenceAssemblyPaths" in file "C:\Windows\Microsoft.NET\Framework\v4.0.30319\Microsoft.Common.Targets" from project "D:\Project\thecode\project\SinectDemoLinux.vcxproj" (target "ResolveAssemblyReferences" depends on it):
       Task "GetReferenceAssemblyPaths" skipped, due to false condition; ('$(TargetFrameworkMoniker)' != '' and ('$(_TargetFrameworkDirectories)' == '' or '$(_FullFrameworkReferenceAssemblyPaths)' == '')) was evaluated as ('' != '' and ('C:\Program Files (x86)\Reference Assemblies\Microsoft\Framework\.NETFramework\v4.0' == '' or 'C:\Program Files (x86)\Reference Assemblies\Microsoft\Framework\.NETFramework\v4.0' == '')).
     1>Done building target "GetReferenceAssemblyPaths" in project "SinectDemoLinux.vcxproj".
     1>Target "SetBuildDefaultEnvironmentVariables" in file "C:\Program Files (x86)\MSBuild\Microsoft.Cpp\v4.0\V110\Microsoft.Cpp.targets" from project "D:\Project\thecode\project\SinectDemoLinux.vcxproj" (target "PrepareForBuild" depends on it):
       Using "SetEnv" task from assembly "Microsoft.Build.CppTasks.Common.v110, Version=4.0.0.0, Culture=neutral, PublicKeyToken=b03f5f7f11d50a3a".
       Task "SetEnv"
         PATH=C:\Program Files (x86)\Microsoft Visual Studio 11.0\VC\bin\x86_amd64;C:\Program Files (x86)\Microsoft Visual Studio 11.0\VC\bin;C:\Program Files (x86)\Windows Kits\8.0\bin\x86;;C:\Program Files (x86)\Microsoft SDKs\Windows\v8.0A\bin\NETFX 4.0 Tools;C:\Program Files (x86)\Microsoft Visual Studio 11.0\Common7\Tools\bin;C:\Program Files (x86)\Microsoft Visual Studio 11.0\Common7\tools;C:\Program Files (x86)\Microsoft Visual Studio 11.0\Common7\ide;C:\Program Files (x86)\HTML Help Workshop;C:\Windows\Microsoft.NET\Framework\v4.0.30319\;;C:\Users\suma\AMD APP SDK\2.9\bin\x86_64;C:\Users\suma\AMD APP SDK\2.9\bin\x86;C:\Program Files (x86)\AMD APP SDK\2.9\bin\x86_64;C:\Program Files (x86)\AMD APP SDK\2.9\bin\x86;C:\Program Files (x86)\NVIDIA Corporation\PhysX\Common;C:\Program Files (x86)\Intel\iCLS Client\;C:\Program Files\Intel\iCLS Client\;C:\Windows\system32;C:\Windows;C:\Windows\System32\Wbem;C:\Windows\System32\WindowsPowerShell\v1.0\;C:\Program Files\Intel\Intel(R) Management Engine Components\DAL;C:\Program Files\Intel\Intel(R) Management Engine Components\IPT;C:\Program Files (x86)\Intel\Intel(R) Management Engine Components\DAL;C:\Program Files (x86)\Intel\Intel(R) Management Engine Components\IPT;C:\Program Files (x86)\Microsoft SQL Server\100\Tools\Binn\;C:\Program Files\Microsoft SQL Server\100\Tools\Binn\;C:\Program Files\Microsoft SQL Server\100\DTS\Binn\;C:\Program Files (x86)\Intel\OpenCL SDK\3.0\bin\x86;C:\Program Files (x86)\Intel\OpenCL SDK\3.0\bin\x64;C:\Program Files (x86)\PrimeSense\NITE\bin;C:\Program Files (x86)\OpenNI\Bin;C:\Program Files\TortoiseSVN\bin;C:\Program Files\MATLAB\R2011b\runtime\win64;C:\Program Files\MATLAB\R2011b\bin;C:\Program Files\Microsoft\Web Platform Installer\;C:\Program Files (x86)\Microsoft ASP.NET\ASP.NET Web Pages\v1.0\;C:\Program Files (x86)\Windows Kits\8.0\Windows Performance Toolkit\;C:\Program Files\Microsoft SQL Server\110\Tools\Binn\;D:\Qt\Qt5.2.1\5.2.1\mingw48_32;D:\opencv\opencv\build\x86\vc10\bin;
       Done executing task "SetEnv".
       Task "SetEnv" skipped, due to false condition; ('$(_IsNativeEnvironment)' == 'true') was evaluated as ('' == 'true').
       Task "SetEnv"
         LIB=C:\Program Files (x86)\Microsoft Visual Studio 11.0\VC\lib\amd64;C:\Program Files (x86)\Microsoft Visual Studio 11.0\VC\atlmfc\lib\amd64;C:\Program Files (x86)\Windows Kits\8.0\lib\win8\um\x64;;
       Done executing task "SetEnv".
       Task "SetEnv"
         LIBPATH=C:\Program Files (x86)\Microsoft Visual Studio 11.0\VC\atlmfc\lib\amd64;C:\Program Files (x86)\Microsoft Visual Studio 11.0\VC\lib\amd64;
       Done executing task "SetEnv".
       Task "SetEnv"
         INCLUDE=C:\Program Files (x86)\Microsoft Visual Studio 11.0\VC\include;C:\Program Files (x86)\Microsoft Visual Studio 11.0\VC\atlmfc\include;C:\Program Files (x86)\Windows Kits\8.0\Include\um;C:\Program Files (x86)\Windows Kits\8.0\Include\shared;C:\Program Files (x86)\Windows Kits\8.0\Include\winrt;;
       Done executing task "SetEnv".
     1>Done building target "SetBuildDefaultEnvironmentVariables" in project "SinectDemoLinux.vcxproj".
       Target "SetUserMacroEnvironmentVariables" skipped, due to false condition; ('@(BuildMacro)' != '') was evaluated as ('' != '').
     1>Target "GetResolvedWinMD" in file "C:\Program Files (x86)\MSBuild\Microsoft.Cpp\v4.0\V110\Microsoft.CppBuild.targets" from project "D:\Project\thecode\project\SinectDemoLinux.vcxproj" (target "PrepareForBuild" depends on it):
     1>Done building target "GetResolvedWinMD" in project "SinectDemoLinux.vcxproj".
     1>Target "PlatformPrepareForBuild" in file "C:\Program Files (x86)\MSBuild\Microsoft.Cpp\v4.0\V110\Microsoft.Cpp.Platform.targets" from project "D:\Project\thecode\project\SinectDemoLinux.vcxproj" (target "PrepareForBuild" depends on it):
       Task "VCMessage" skipped, due to false condition; ('$(DesignTimeBuild)'!='true' and '$(ConfigurationPlatformExists)' != 'true') was evaluated as (''!='true' and 'true' != 'true').
       Task "VCMessage" skipped, due to false condition; ('$(DesignTimeBuild)'!='true' and '$(ToolsetTargetsFound)' != 'true' and '$(PlatformToolset)' == 'v100') was evaluated as (''!='true' and 'true' != 'true' and 'v110' == 'v100').
       Task "VCMessage" skipped, due to false condition; ('$(DesignTimeBuild)'!='true' and '$(ToolsetTargetsFound)' != 'true' and '$(PlatformToolset)' == 'v90') was evaluated as (''!='true' and 'true' != 'true' and 'v110' == 'v90').
       Task "VCMessage" skipped, due to false condition; ('$(DesignTimeBuild)'!='true' and '$(ToolsetTargetsFound)' != 'true' and '$(PlatformToolset)' != 'v90' and '$(PlatformToolset)' != 'v100') was evaluated as (''!='true' and 'true' != 'true' and 'v110' != 'v90' and 'v110' != 'v100').
     1>Done building target "PlatformPrepareForBuild" in project "SinectDemoLinux.vcxproj".
       Target "GetFrameworkPaths" skipped. Previously built successfully.
       Target "GetReferenceAssemblyPaths" skipped. Previously built successfully.
     1>Target "PrepareForBuild" in file "C:\Program Files (x86)\MSBuild\Microsoft.Cpp\v4.0\V110\Microsoft.CppBuild.targets" from project "D:\Project\thecode\project\SinectDemoLinux.vcxproj" (target "ResolveAssemblyReferences" depends on it):
       Task "VCMessage" skipped, due to false condition; ('$(DesignTimeBuild)'!='true' and '$(ConfigurationPlatformExists)' != 'true') was evaluated as (''!='true' and 'true' != 'true').
       Task "MakeDir"
       Done executing task "MakeDir".
       Task "VCMessage" skipped, due to false condition; ('$(DesignTimeBuild)'!='true' and '$(WindowsAppContainer)'=='true' and '$(ConfigurationType)'!='Application' and '$(ConfigurationType)'!='DynamicLibrary' and '$(ConfigurationType)'!='StaticLibrary') was evaluated as (''!='true' and 'false'=='true' and 'DynamicLibrary'!='Application' and 'DynamicLibrary'!='DynamicLibrary' and 'DynamicLibrary'!='StaticLibrary').
       Task "VCMessage" skipped, due to false condition; ('$(DesignTimeBuild)'!='true' and '$(VCInstallDir)'=='' and '$(UseEnv)' != 'true' and ($(TargetFrameworkVersion)=='v3.5' or $(TargetFrameworkVersion)=='v3.0' or $(TargetFrameworkVersion)=='v2.0' )) was evaluated as (''!='true' and 'C:\Program Files (x86)\Microsoft Visual Studio 11.0\VC\'=='' and '' != 'true' and (v4.0=='v3.5' or v4.0=='v3.0' or v4.0=='v2.0' )).
       Task "VCMessage" skipped, due to false condition; ('$(DesignTimeBuild)'!='true' and '$(VCInstallDir)'=='' and '$(UseEnv)' != 'true' and '$(PlatformToolset)'=='v90') was evaluated as (''!='true' and 'C:\Program Files (x86)\Microsoft Visual Studio 11.0\VC\'=='' and '' != 'true' and 'v110'=='v90').
       Task "VCMessage" skipped, due to false condition; ('$(VCInstallDir)'=='' and '$(UseEnv)' != 'true') was evaluated as ('C:\Program Files (x86)\Microsoft Visual Studio 11.0\VC\'=='' and '' != 'true').
       Task "VCMessage" skipped, due to false condition; ('$(WindowsSDKDir)'=='' and '$(UseEnv)' != 'true') was evaluated as ('C:\Program Files (x86)\Windows Kits\8.0\'=='' and '' != 'true').
       Using "VCMessage" task from assembly "Microsoft.Build.CppTasks.Common.v110, Version=4.0.0.0, Culture=neutral, PublicKeyToken=b03f5f7f11d50a3a".
       Task "VCMessage"
     1>C:\Program Files (x86)\MSBuild\Microsoft.Cpp\v4.0\V110\Microsoft.CppBuild.targets(345,5): warning MSB8004: Intermediate Directory does not end with a trailing slash.  This build instance will add the slash as it is required to allow proper evaluation of the Intermediate Directory.
       Done executing task "VCMessage".
       Task "VCMessage"
     1>C:\Program Files (x86)\MSBuild\Microsoft.Cpp\v4.0\V110\Microsoft.CppBuild.targets(346,5): warning MSB8004: Output Directory does not end with a trailing slash.  This build instance will add the slash as it is required to allow proper evaluation of the Output Directory.
       Done executing task "VCMessage".
       Task "VCMessage" skipped, due to false condition; ('%(CompatibilityIssues.Identity)' != '' and '$(DesignTimeBuild)'!='true') was evaluated as ('' != '' and ''!='true').
       Task "MakeDir"
       Done executing task "MakeDir".
     1>Done building target "PrepareForBuild" in project "SinectDemoLinux.vcxproj".
       Target "_PrepareForReferenceResolution" skipped. Previously built successfully.
       Target "ComputeCrtSDKReference" skipped, due to false condition; ('@(ClCompile)'!='' and '$(WindowsAppContainer)'=='true' and '$(UseCrtSDKReference)' != 'false') was evaluated as ('GeneratedFiles\qrc_resource_qt.cpp;grayGravityCenter.cpp;skeletonInterface.cpp;src\BGRStage.cpp;src\BodyPartClassifier.cpp;src\buildForest.cpp;src\CentroidsStage.cpp;src\clUtil.cpp;src\ExemplarStage.cpp;src\INuiImageDevice.cpp;src\IPipelineStage.cpp;src\ModelFittingStage.cpp;src\NuiImageDeviceVideoFile.cpp;src\NuiSensorKinect.cpp;src\opencl.cpp;src\PipelineOutputStage.cpp;src\PipelineSourceStage.cpp;src\RandomForest.cpp;src\SkeletalTracker.cpp;src\Util.cpp;zlib\adler32.c;zlib\crc32.c;zlib\deflate.c;zlib\inffast.c;zlib\inflate.c;zlib\inftrees.c;stdafx.cpp;zlib\trees.c;zlib\zutil.c'!='' and 'false'=='true' and '' != 'false').
     1>Target "GetInstalledSDKLocations" in file "C:\Windows\Microsoft.NET\Framework\v4.0.30319\Microsoft.Common.Targets" from project "D:\Project\thecode\project\SinectDemoLinux.vcxproj" (target "ResolveSDKReferences" depends on it):
       Task "GetInstalledSDKLocations" skipped, due to false condition; ('@(SDKReference)' != '') was evaluated as ('' != '').
     1>Done building target "GetInstalledSDKLocations" in project "SinectDemoLinux.vcxproj".
     1>Target "ResolveSDKReferences" in file "C:\Windows\Microsoft.NET\Framework\v4.0.30319\Microsoft.Common.Targets" from project "D:\Project\thecode\project\SinectDemoLinux.vcxproj" (target "ResolveAssemblyReferences" depends on it):
       Task "ResolveSDKReference" skipped, due to false condition; ('@(SDKReference)'!='') was evaluated as (''!='').
     1>Done building target "ResolveSDKReferences" in project "SinectDemoLinux.vcxproj".
       Target "ResolveSDKReferences" skipped. Previously built successfully.
     1>Target "ExpandSDKReferences" in file "C:\Windows\Microsoft.NET\Framework\v4.0.30319\Microsoft.Common.Targets" from project "D:\Project\thecode\project\SinectDemoLinux.vcxproj" (target "ResolveAssemblyReferences" depends on it):
       Task "GetSDKReferenceFiles" skipped, due to false condition; ('@(ResolvedSDKReference)'!='') was evaluated as (''!='').
     1>Done building target "ExpandSDKReferences" in project "SinectDemoLinux.vcxproj".
       Target "FakesGenerateBeforeBuild" skipped, due to false condition; (@(Fakes) != '' AND $(BuildingProject)) was evaluated as ( != '' AND true).
     1>Target "ResolveAssemblyReferences" in file "C:\Windows\Microsoft.NET\Framework\v4.0.30319\Microsoft.Common.Targets" from project "D:\Project\thecode\project\SinectDemoLinux.vcxproj" (target "ResolveReferences" depends on it):
       Task "ResolveAssemblyReference" skipped, due to false condition; ('@(Reference)'!='' or '@(_ResolvedProjectReferencePaths)'!='' or '@(_ExplicitReference)' != '') was evaluated as (''!='' or ''!='' or '' != '').
     1>Done building target "ResolveAssemblyReferences" in project "SinectDemoLinux.vcxproj".
       Target "ResolveComReferences" skipped, due to false condition; ('@(COMReference)'!='' or '@(COMFileReference)'!='') was evaluated as (''!='' or ''!='').
     1>Target "AfterResolveReferences" in file "C:\Windows\Microsoft.NET\Framework\v4.0.30319\Microsoft.Common.Targets" from project "D:\Project\thecode\project\SinectDemoLinux.vcxproj" (target "ResolveReferences" depends on it):
     1>Done building target "AfterResolveReferences" in project "SinectDemoLinux.vcxproj".
       Target "ImplicitlyExpandDesignTimeFacades" skipped, due to false condition; ('$(ImplicitlyExpandDesignTimeFacades)' == 'true') was evaluated as ('' == 'true').
       Target "ResolveTestReferences" skipped, due to false condition; ('@(Shadow)'!='') was evaluated as (''!='').
     1>Target "ResolveReferences" in file "C:\Windows\Microsoft.NET\Framework\v4.0.30319\Microsoft.Common.Targets" from project "D:\Project\thecode\project\SinectDemoLinux.vcxproj" (target "Build" depends on it):
     1>Done building target "ResolveReferences" in project "SinectDemoLinux.vcxproj".
       Target "PrepareForBuild" skipped. Previously built successfully.
       Target "PrepareForBuild" skipped. Previously built successfully.
     1>Target "InitializeBuildStatus" in file "C:\Program Files (x86)\MSBuild\Microsoft.Cpp\v4.0\V110\Microsoft.CppBuild.targets" from project "D:\Project\thecode\project\SinectDemoLinux.vcxproj" (target "Build" depends on it):
       Task "ReadLinesFromFile"
       Done executing task "ReadLinesFromFile".
       Task "WriteLinesToFile"
       Done executing task "WriteLinesToFile".
       Using "Touch" task from assembly "Microsoft.Build.Tasks.v4.0, Version=4.0.0.0, Culture=neutral, PublicKeyToken=b03f5f7f11d50a3a".
       Task "Touch"
         Touching "x64\Debug\SinectDemoLinux.unsuccessfulbuild".
       Done executing task "Touch".
     1>Done building target "InitializeBuildStatus" in project "SinectDemoLinux.vcxproj".
       Target "AssignProjectConfiguration" skipped. Previously built successfully.
       Target "_SplitProjectReferencesByFileExistence" skipped. Previously built successfully.
     1>Target "BuildGenerateSourcesTraverse" in file "C:\Windows\Microsoft.NET\Framework\v4.0.30319\Microsoft.Common.Targets" from project "D:\Project\thecode\project\SinectDemoLinux.vcxproj" (target "BuildGenerateSources" depends on it):
       Task "MSBuild" skipped, due to false condition; ('$(BuildPassReferences)' == 'true' and '@(ProjectReferenceWithConfiguration)' != '' and '@(_MSBuildProjectReferenceExistent)' != '' and '%(_MSBuildProjectReferenceExistent.BuildReference)' == 'true') was evaluated as ('' == 'true' and '' != '' and '' != '' and '' == 'true').
     1>Done building target "BuildGenerateSourcesTraverse" in project "SinectDemoLinux.vcxproj".
       Target "PrepareForBuild" skipped. Previously built successfully.
       Target "ResolveReferences" skipped. Previously built successfully.
     1>Target "BeforeBuildGenerateSources" in file "C:\Program Files (x86)\MSBuild\Microsoft.Cpp\v4.0\V110\Microsoft.BuildSteps.Targets" from project "D:\Project\thecode\project\SinectDemoLinux.vcxproj" (target "_BuildGenerateSourcesAction" depends on it):
     1>Done building target "BeforeBuildGenerateSources" in project "SinectDemoLinux.vcxproj".
     1>Target "PreBuildEvent" in file "C:\Program Files (x86)\MSBuild\Microsoft.Cpp\v4.0\V110\Microsoft.CppCommon.targets" from project "D:\Project\thecode\project\SinectDemoLinux.vcxproj" (target "_BuildGenerateSourcesAction" depends on it):
       Task "Message" skipped, due to false condition; ('%(PreBuildEvent.Message)' != '' and '%(PreBuildEvent.Command)' != '') was evaluated as ('' != '' and '' != '').
       Task "Exec" skipped, due to false condition; ('%(PreBuildEvent.Command)' != '') was evaluated as ('' != '').
     1>Done building target "PreBuildEvent" in project "SinectDemoLinux.vcxproj".
       Target "PrepareForBuild" skipped. Previously built successfully.
       Target "SetBuildDefaultEnvironmentVariables" skipped. Previously built successfully.
       Target "SetUserMacroEnvironmentVariables" skipped, due to false condition; ('@(BuildMacro)' != '') was evaluated as ('' != '').
     1>Target "_SelectedFiles" in file "C:\Program Files (x86)\MSBuild\Microsoft.Cpp\v4.0\V110\Microsoft.CppBuild.targets" from project "D:\Project\thecode\project\SinectDemoLinux.vcxproj" (target "SelectCustomBuild" depends on it):
     1>Done building target "_SelectedFiles" in project "SinectDemoLinux.vcxproj".
     1>Target "SelectCustomBuild" in file "C:\Program Files (x86)\MSBuild\Microsoft.Cpp\v4.0\V110\Microsoft.CppBuild.targets" from project "D:\Project\thecode\project\SinectDemoLinux.vcxproj" (target "CustomBuild" depends on it):
     1>Done building target "SelectCustomBuild" in project "SinectDemoLinux.vcxproj".
     1>Target "ComputeCustomBuildOutput" in file "C:\Program Files (x86)\MSBuild\Microsoft.Cpp\v4.0\V110\Microsoft.CppBuild.targets" from project "D:\Project\thecode\project\SinectDemoLinux.vcxproj" (target "CustomBuild" depends on it):
       Task "CreateItem" skipped, due to false condition; ('%(CustomBuildDirsToMake.OutputFileToTool)'!='') was evaluated as (''!='').
       Task "MakeDir"
       Done executing task "MakeDir".
     1>Done building target "ComputeCustomBuildOutput" in project "SinectDemoLinux.vcxproj".
     1>Target "CustomBuild" in file "C:\Program Files (x86)\MSBuild\Microsoft.Cpp\v4.0\V110\Microsoft.CppCommon.targets" from project "D:\Project\thecode\project\SinectDemoLinux.vcxproj" (target "_BuildGenerateSourcesAction" depends on it):
       Using "CustomBuild" task from assembly "Microsoft.Build.CppTasks.Common.v110, Version=4.0.0.0, Culture=neutral, PublicKeyToken=b03f5f7f11d50a3a".
       Task "CustomBuild"
         Forcing rebuild of all source files due to missing command TLog "D:\Project\thecode\project\x64\Debug\custombuild.command.1.tlog".
         "D:\Qt\Qt52openglmsvc2012\5.2.0\msvc2012_64_opengl\bin\rcc.exe" -name "resource_qt" -no-compress "D:\Project\thecode\project\resource_qt.qrc" -o .\GeneratedFiles\qrc_resource_qt.cpp
         Rcc'ing resource_qt.qrc...
         系统找不到指定的路径。
     1>C:\Program Files (x86)\MSBuild\Microsoft.Cpp\v4.0\V110\Microsoft.CppCommon.targets(172,5): error MSB6006: "cmd.exe" exited with code 3.
       Done executing task "CustomBuild" -- FAILED.
     1>Done building target "CustomBuild" in project "SinectDemoLinux.vcxproj" -- FAILED.
     1>Done Building Project "D:\Project\thecode\project\SinectDemoLinux.vcxproj" (Rebuild target(s)) -- FAILED.

Build FAILED.

Time Elapsed 00:00:00.01
