Build started 2014/8/18 9:25:48.
     1>Project "D:\Project\thecode\project\SinectDemoLinux.vcxproj" on node 2 (Build target(s)).
     1>C:\Program Files (x86)\MSBuild\Microsoft.Cpp\v4.0\V110\Microsoft.CppBuild.targets(345,5): warning MSB8004: Intermediate Directory does not end with a trailing slash.  This build instance will add the slash as it is required to allow proper evaluation of the Intermediate Directory.
     1>InitializeBuildStatus:
         Creating "Win32\Debug\SinectDemoLinux.unsuccessfulbuild" because "AlwaysCreate" was specified.
       CustomBuild:
         All outputs are up-to-date.
       ClCompile:
         All outputs are up-to-date.
         All outputs are up-to-date.
         All outputs are up-to-date.
       Link:
         All outputs are up-to-date.
         SinectDemoLinux.vcxproj -> D:\Project\thecode\build\windebug641\Debug\SinectDemoLinux.dll
       FinalizeBuildStatus:
         Deleting file "Win32\Debug\SinectDemoLinux.unsuccessfulbuild".
         Touching "Win32\Debug\SinectDemoLinux.lastbuildstate".
     1>Done Building Project "D:\Project\thecode\project\SinectDemoLinux.vcxproj" (Build target(s)).

Build succeeded.

Time Elapsed 00:00:00.03
