D:\PROJECT\THECODE\PROJECT\WIN32\DEBUG\QRC_RESOURCE_QT.OBJ
D:\PROJECT\THECODE\PROJECT\WIN32\DEBUG\VC110.PDB
D:\PROJECT\THECODE\PROJECT\WIN32\DEBUG\UTIL.OBJ
D:\PROJECT\THECODE\PROJECT\WIN32\DEBUG\SKELETALTRACKER.OBJ
D:\PROJECT\THECODE\PROJECT\WIN32\DEBUG\RANDOMFOREST.OBJ
D:\PROJECT\THECODE\PROJECT\WIN32\DEBUG\PIPELINESOURCESTAGE.OBJ
D:\PROJECT\THECODE\PROJECT\WIN32\DEBUG\PIPELINEOUTPUTSTAGE.OBJ
D:\PROJECT\THECODE\PROJECT\WIN32\DEBUG\OPENCL.OBJ
D:\PROJECT\THECODE\PROJECT\WIN32\DEBUG\NUISENSORKINECT.OBJ
D:\PROJECT\THECODE\PROJECT\WIN32\DEBUG\NUIIMAGEDEVICEVIDEOFILE.OBJ
D:\PROJECT\THECODE\PROJECT\WIN32\DEBUG\MODELFITTINGSTAGE.OBJ
D:\PROJECT\THECODE\PROJECT\WIN32\DEBUG\IPIPELINESTAGE.OBJ
D:\PROJECT\THECODE\PROJECT\WIN32\DEBUG\INUIIMAGEDEVICE.OBJ
D:\PROJECT\THECODE\PROJECT\WIN32\DEBUG\EXEMPLARSTAGE.OBJ
D:\PROJECT\THECODE\PROJECT\WIN32\DEBUG\CLUTIL.OBJ
D:\PROJECT\THECODE\PROJECT\WIN32\DEBUG\CENTROIDSSTAGE.OBJ
D:\PROJECT\THECODE\PROJECT\WIN32\DEBUG\BGRSTAGE.OBJ
D:\PROJECT\THECODE\PROJECT\WIN32\DEBUG\STDAFX.OBJ
D:\PROJECT\THECODE\PROJECT\WIN32\DEBUG\FILTER.OBJ
D:\PROJECT\THECODE\PROJECT\WIN32\DEBUG\BUILDFOREST.OBJ
D:\PROJECT\THECODE\PROJECT\WIN32\DEBUG\BODYPARTCLASSIFIER.OBJ
D:\PROJECT\THECODE\PROJECT\WIN32\DEBUG\SKELETONINTERFACE.OBJ
D:\PROJECT\THECODE\PROJECT\WIN32\DEBUG\GRAYGRAVITYCENTER.OBJ
D:\PROJECT\THECODE\PROJECT\WIN32\DEBUG\ZUTIL.OBJ
D:\PROJECT\THECODE\PROJECT\WIN32\DEBUG\TREES.OBJ
D:\PROJECT\THECODE\PROJECT\WIN32\DEBUG\INFTREES.OBJ
D:\PROJECT\THECODE\PROJECT\WIN32\DEBUG\INFLATE.OBJ
D:\PROJECT\THECODE\PROJECT\WIN32\DEBUG\INFFAST.OBJ
D:\PROJECT\THECODE\PROJECT\WIN32\DEBUG\DEFLATE.OBJ
D:\PROJECT\THECODE\PROJECT\WIN32\DEBUG\CRC32.OBJ
D:\PROJECT\THECODE\PROJECT\WIN32\DEBUG\ADLER32.OBJ
D:\PROJECT\THECODE\PROJECT\GENERATEDFILES\QRC_RESOURCE_QT.CPP
D:\PROJECT\THECODE\BUILD\WINDEBUG641\DEBUG\SINECTDEMOLINUX.ILK
D:\PROJECT\THECODE\BUILD\WINDEBUG641\DEBUG\SINECTDEMOLINUX.DLL
D:\PROJECT\THECODE\BUILD\WINDEBUG641\DEBUG\SINECTDEMOLINUX.PDB
D:\Project\thecode\build\windebug641\Debug\SinectDemoLinux.lib
D:\Project\thecode\build\windebug641\Debug\SinectDemoLinux.exp
D:\Project\thecode\project\Win32\Debug\adler32.obj
D:\Project\thecode\project\Win32\Debug\BGRStage.obj
D:\Project\thecode\project\Win32\Debug\BodyPartClassifier.obj
D:\Project\thecode\project\Win32\Debug\buildForest.obj
D:\Project\thecode\project\Win32\Debug\CentroidsStage.obj
D:\Project\thecode\project\Win32\Debug\clUtil.obj
D:\Project\thecode\project\Win32\Debug\crc32.obj
D:\Project\thecode\project\Win32\Debug\deflate.obj
D:\Project\thecode\project\Win32\Debug\ExemplarStage.obj
D:\Project\thecode\project\Win32\Debug\Filter.obj
D:\Project\thecode\project\Win32\Debug\grayGravityCenter.obj
D:\Project\thecode\project\Win32\Debug\inffast.obj
D:\Project\thecode\project\Win32\Debug\inflate.obj
D:\Project\thecode\project\Win32\Debug\inftrees.obj
D:\Project\thecode\project\Win32\Debug\INuiImageDevice.obj
D:\Project\thecode\project\Win32\Debug\IPipelineStage.obj
D:\Project\thecode\project\Win32\Debug\ModelFittingStage.obj
D:\Project\thecode\project\Win32\Debug\NuiImageDeviceVideoFile.obj
D:\Project\thecode\project\Win32\Debug\NuiSensorKinect.obj
D:\Project\thecode\project\Win32\Debug\opencl.obj
D:\Project\thecode\project\Win32\Debug\PipelineOutputStage.obj
D:\Project\thecode\project\Win32\Debug\PipelineSourceStage.obj
D:\Project\thecode\project\Win32\Debug\qrc_resource_qt.obj
D:\Project\thecode\project\Win32\Debug\RandomForest.obj
D:\Project\thecode\project\Win32\Debug\SkeletalTracker.obj
D:\Project\thecode\project\Win32\Debug\skeletonInterface.obj
D:\Project\thecode\project\Win32\Debug\stdafx.obj
D:\Project\thecode\project\Win32\Debug\trees.obj
D:\Project\thecode\project\Win32\Debug\Util.obj
D:\Project\thecode\project\Win32\Debug\zutil.obj
D:\Project\thecode\project\Win32\Debug\cl.command.1.tlog
D:\Project\thecode\project\Win32\Debug\CL.read.1.tlog
D:\Project\thecode\project\Win32\Debug\CL.write.1.tlog
D:\Project\thecode\project\Win32\Debug\custombuild.command.1.tlog
D:\Project\thecode\project\Win32\Debug\custombuild.read.1.tlog
D:\Project\thecode\project\Win32\Debug\custombuild.write.1.tlog
D:\Project\thecode\project\Win32\Debug\link-cvtres.read.1.tlog
D:\Project\thecode\project\Win32\Debug\link-cvtres.write.1.tlog
D:\Project\thecode\project\Win32\Debug\link-rc.read.1.tlog
D:\Project\thecode\project\Win32\Debug\link-rc.write.1.tlog
D:\Project\thecode\project\Win32\Debug\link.command.1.tlog
D:\Project\thecode\project\Win32\Debug\link.read.1.tlog
D:\Project\thecode\project\Win32\Debug\link.write.1.tlog
D:\Project\thecode\project\Win32\Debug\SinectDemoLinux.write.1.tlog
D:\Project\thecode\project\Win32\Debug\vc110.idb
D:\Project\thecode\project\Win32\Debug\vc110.pdb
D:\Project\thecode\build\windebug641\Debug\SinectDemoLinux.pdb
D:\Project\thecode\build\windebug641\Debug\SinectDemoLinux.dll
D:\Project\thecode\build\windebug641\Debug\SinectDemoLinux.ilk
